<?xml version="1.0" encoding="UTF-8"?>
<!-- Generated by org.testng.reporters.JUnitReportReporter -->
<testsuite skipped="0" hostname="Priyanka" name="test.SimpliLearnLogin" tests="1" failures="0" timestamp="27 Jun 2021 13:05:55 GMT" time="39.790" errors="0">
  <testcase name="login" time="39.790" classname="test.SimpliLearnLogin"/>
</testsuite> <!-- test.SimpliLearnLogin -->
