<?xml version="1.0" encoding="UTF-8"?>
<!-- Generated by org.testng.reporters.JUnitReportReporter -->
<testsuite skipped="0" hostname="Priyanka" name="test.SimpliLearnLogin" tests="1" failures="0" timestamp="27 Jun 2021 09:44:08 GMT" time="23.133" errors="0">
  <testcase name="login" time="23.133" classname="test.SimpliLearnLogin"/>
</testsuite> <!-- test.SimpliLearnLogin -->
