<?xml version="1.0" encoding="UTF-8"?>
<!-- Generated by org.testng.reporters.JUnitReportReporter -->
<testsuite skipped="0" hostname="Priyanka" name="test.ParallelTest" tests="2" failures="0" timestamp="03 Jul 2021 19:11:35 GMT" time="69.133" errors="0">
  <testcase name="Test1" time="31.107" classname="test.ParallelTest"/>
  <testcase name="Test2" time="38.026" classname="test.ParallelTest"/>
</testsuite> <!-- test.ParallelTest -->
