<?xml version="1.0" encoding="UTF-8"?>
<!-- Generated by org.testng.reporters.JUnitReportReporter -->
<testsuite hostname="Priyanka" failures="0" tests="1" name="testNG.Testcase2" time="0.012" errors="0" timestamp="15 Jun 2021 14:38:09 GMT" skipped="0">
  <testcase classname="testNG.Testcase2" name="test3" time="0.012"/>
</testsuite> <!-- testNG.Testcase2 -->
