<?xml version="1.0" encoding="UTF-8"?>
<!-- Generated by org.testng.reporters.JUnitReportReporter -->
<testsuite hostname="Priyanka" failures="0" tests="2" name="testNG.TestCase1" time="0.004" errors="0" timestamp="15 Jun 2021 14:38:09 GMT" skipped="0">
  <testcase classname="testNG.TestCase1" name="creditTest2" time="0.002"/>
  <testcase classname="testNG.TestCase1" name="creditTest1" time="0.002"/>
</testsuite> <!-- testNG.TestCase1 -->
