<?xml version="1.0" encoding="UTF-8"?>
<!-- Generated by org.testng.reporters.JUnitReportReporter -->
<testsuite skipped="0" hostname="Priyanka" name="test.SimpliLearnLogin" tests="1" failures="0" timestamp="28 Jun 2021 16:39:48 GMT" time="32.955" errors="0">
  <testcase name="login" time="32.955" classname="test.SimpliLearnLogin"/>
</testsuite> <!-- test.SimpliLearnLogin -->
