<?xml version="1.0" encoding="UTF-8"?>
<!-- Generated by org.testng.reporters.JUnitReportReporter -->
<testsuite hostname="Priyanka" failures="0" tests="2" name="testNG.DataProviderExample" time="0.011" errors="0" timestamp="26 Jun 2021 09:23:22 GMT" skipped="0">
  <testcase classname="testNG.DataProviderExample" name="test" time="0.002"/>
  <testcase classname="testNG.DataProviderExample" name="test" time="0.009"/>
</testsuite> <!-- testNG.DataProviderExample -->
