<?xml version="1.0" encoding="UTF-8"?>
<!-- Generated by org.testng.reporters.JUnitReportReporter -->
<testsuite skipped="0" hostname="Priyanka" name="test.SimpliLearnLogin" tests="1" failures="0" timestamp="03 Jul 2021 19:08:20 GMT" time="34.180" errors="0">
  <testcase name="login" time="34.180" classname="test.SimpliLearnLogin"/>
</testsuite> <!-- test.SimpliLearnLogin -->
